2023/08/09 14:12:59 [notice] 1#1: using the "epoll" event method
2023/08/09 14:12:59 [notice] 1#1: nginx/1.23.4
2023/08/09 14:12:59 [notice] 1#1: built by gcc 10.2.1 20210110 (Debian 10.2.1-6) 
2023/08/09 14:12:59 [notice] 1#1: OS: Linux 5.10.0-23-amd64
2023/08/09 14:12:59 [notice] 1#1: getrlimit(RLIMIT_NOFILE): 1048576:1048576
2023/08/09 14:12:59 [notice] 1#1: start worker processes
2023/08/09 14:12:59 [notice] 1#1: start worker process 28
2023/08/09 14:12:59 [notice] 1#1: start worker process 29
2023/08/09 14:12:59 [notice] 1#1: start worker process 30
2023/08/09 14:12:59 [notice] 1#1: start worker process 31
2023/09/23 12:08:11 [emerg] 1#1: cannot load certificate "/etc/nginx/certs/nginx_bundle.crt": BIO_new_file() failed (SSL: error:80000002:system library::No such file or directory:calling fopen(/etc/nginx/certs/nginx_bundle.crt, r) error:10000080:BIO routines::no such file)
2023/09/23 12:08:13 [emerg] 1#1: cannot load certificate "/etc/nginx/certs/nginx_bundle.crt": BIO_new_file() failed (SSL: error:80000002:system library::No such file or directory:calling fopen(/etc/nginx/certs/nginx_bundle.crt, r) error:10000080:BIO routines::no such file)
2023/09/23 12:08:15 [emerg] 1#1: cannot load certificate "/etc/nginx/certs/nginx_bundle.crt": BIO_new_file() failed (SSL: error:80000002:system library::No such file or directory:calling fopen(/etc/nginx/certs/nginx_bundle.crt, r) error:10000080:BIO routines::no such file)
2023/09/23 12:08:17 [emerg] 1#1: cannot load certificate "/etc/nginx/certs/nginx_bundle.crt": BIO_new_file() failed (SSL: error:80000002:system library::No such file or directory:calling fopen(/etc/nginx/certs/nginx_bundle.crt, r) error:10000080:BIO routines::no such file)
2023/09/23 12:08:19 [emerg] 1#1: cannot load certificate "/etc/nginx/certs/nginx_bundle.crt": BIO_new_file() failed (SSL: error:80000002:system library::No such file or directory:calling fopen(/etc/nginx/certs/nginx_bundle.crt, r) error:10000080:BIO routines::no such file)
2023/09/23 12:08:22 [emerg] 1#1: cannot load certificate "/etc/nginx/certs/nginx_bundle.crt": BIO_new_file() failed (SSL: error:80000002:system library::No such file or directory:calling fopen(/etc/nginx/certs/nginx_bundle.crt, r) error:10000080:BIO routines::no such file)
2023/09/23 12:08:26 [emerg] 1#1: cannot load certificate "/etc/nginx/certs/nginx_bundle.crt": BIO_new_file() failed (SSL: error:80000002:system library::No such file or directory:calling fopen(/etc/nginx/certs/nginx_bundle.crt, r) error:10000080:BIO routines::no such file)
2023/09/23 12:08:34 [emerg] 1#1: cannot load certificate "/etc/nginx/certs/nginx_bundle.crt": BIO_new_file() failed (SSL: error:80000002:system library::No such file or directory:calling fopen(/etc/nginx/certs/nginx_bundle.crt, r) error:10000080:BIO routines::no such file)
2023/09/23 12:08:48 [emerg] 1#1: cannot load certificate "/etc/nginx/certs/nginx_bundle.crt": BIO_new_file() failed (SSL: error:80000002:system library::No such file or directory:calling fopen(/etc/nginx/certs/nginx_bundle.crt, r) error:10000080:BIO routines::no such file)
2023/09/23 12:09:15 [emerg] 1#1: cannot load certificate "/etc/nginx/certs/nginx_bundle.crt": BIO_new_file() failed (SSL: error:80000002:system library::No such file or directory:calling fopen(/etc/nginx/certs/nginx_bundle.crt, r) error:10000080:BIO routines::no such file)
2023/09/23 12:09:26 [emerg] 1#1: cannot load certificate "/etc/nginx/certs/nginx_bundle.crt": BIO_new_file() failed (SSL: error:80000002:system library::No such file or directory:calling fopen(/etc/nginx/certs/nginx_bundle.crt, r) error:10000080:BIO routines::no such file)
2023/09/23 12:09:28 [emerg] 1#1: cannot load certificate "/etc/nginx/certs/nginx_bundle.crt": BIO_new_file() failed (SSL: error:80000002:system library::No such file or directory:calling fopen(/etc/nginx/certs/nginx_bundle.crt, r) error:10000080:BIO routines::no such file)
2023/09/23 12:09:30 [emerg] 1#1: cannot load certificate "/etc/nginx/certs/nginx_bundle.crt": BIO_new_file() failed (SSL: error:80000002:system library::No such file or directory:calling fopen(/etc/nginx/certs/nginx_bundle.crt, r) error:10000080:BIO routines::no such file)
2023/09/23 12:09:32 [emerg] 1#1: cannot load certificate "/etc/nginx/certs/nginx_bundle.crt": BIO_new_file() failed (SSL: error:80000002:system library::No such file or directory:calling fopen(/etc/nginx/certs/nginx_bundle.crt, r) error:10000080:BIO routines::no such file)
2023/09/23 12:09:34 [emerg] 1#1: cannot load certificate "/etc/nginx/certs/nginx_bundle.crt": BIO_new_file() failed (SSL: error:80000002:system library::No such file or directory:calling fopen(/etc/nginx/certs/nginx_bundle.crt, r) error:10000080:BIO routines::no such file)
2023/09/23 12:09:37 [emerg] 1#1: cannot load certificate "/etc/nginx/certs/nginx_bundle.crt": BIO_new_file() failed (SSL: error:80000002:system library::No such file or directory:calling fopen(/etc/nginx/certs/nginx_bundle.crt, r) error:10000080:BIO routines::no such file)
2023/09/23 12:09:41 [emerg] 1#1: cannot load certificate "/etc/nginx/certs/nginx_bundle.crt": BIO_new_file() failed (SSL: error:80000002:system library::No such file or directory:calling fopen(/etc/nginx/certs/nginx_bundle.crt, r) error:10000080:BIO routines::no such file)
2023/09/23 12:09:48 [emerg] 1#1: cannot load certificate "/etc/nginx/certs/nginx_bundle.crt": BIO_new_file() failed (SSL: error:80000002:system library::No such file or directory:calling fopen(/etc/nginx/certs/nginx_bundle.crt, r) error:10000080:BIO routines::no such file)
2023/09/23 12:10:02 [emerg] 1#1: cannot load certificate "/etc/nginx/certs/nginx_bundle.crt": BIO_new_file() failed (SSL: error:80000002:system library::No such file or directory:calling fopen(/etc/nginx/certs/nginx_bundle.crt, r) error:10000080:BIO routines::no such file)
2023/09/23 12:10:29 [emerg] 1#1: cannot load certificate "/etc/nginx/certs/nginx_bundle.crt": BIO_new_file() failed (SSL: error:80000002:system library::No such file or directory:calling fopen(/etc/nginx/certs/nginx_bundle.crt, r) error:10000080:BIO routines::no such file)
2023/09/23 12:11:21 [emerg] 1#1: cannot load certificate "/etc/nginx/certs/nginx_bundle.crt": BIO_new_file() failed (SSL: error:80000002:system library::No such file or directory:calling fopen(/etc/nginx/certs/nginx_bundle.crt, r) error:10000080:BIO routines::no such file)
2023/09/23 12:12:23 [notice] 1#1: using the "epoll" event method
2023/09/23 12:12:23 [notice] 1#1: nginx/1.25.2
2023/09/23 12:12:23 [notice] 1#1: built by gcc 12.2.0 (Debian 12.2.0-14) 
2023/09/23 12:12:23 [notice] 1#1: OS: Linux 5.10.16.3-microsoft-standard-WSL2
2023/09/23 12:12:23 [notice] 1#1: getrlimit(RLIMIT_NOFILE): 1048576:1048576
2023/09/23 12:12:23 [notice] 1#1: start worker processes
2023/09/23 12:12:23 [notice] 1#1: start worker process 28
2023/09/23 12:12:23 [notice] 1#1: start worker process 29
2023/09/23 12:12:23 [notice] 1#1: start worker process 30
2023/09/23 12:12:23 [notice] 1#1: start worker process 31
2023/09/23 12:12:23 [notice] 1#1: start worker process 32
2023/09/23 12:12:23 [notice] 1#1: start worker process 33
2023/09/23 12:12:23 [notice] 1#1: start worker process 34
2023/09/23 12:12:23 [notice] 1#1: start worker process 35
2023/09/23 12:12:57 [notice] 1#1: using the "epoll" event method
2023/09/23 12:12:57 [notice] 1#1: nginx/1.25.2
2023/09/23 12:12:57 [notice] 1#1: built by gcc 12.2.0 (Debian 12.2.0-14) 
2023/09/23 12:12:57 [notice] 1#1: OS: Linux 5.10.16.3-microsoft-standard-WSL2
2023/09/23 12:12:57 [notice] 1#1: getrlimit(RLIMIT_NOFILE): 1048576:1048576
2023/09/23 12:12:57 [notice] 1#1: start worker processes
2023/09/23 12:12:57 [notice] 1#1: start worker process 28
2023/09/23 12:12:57 [notice] 1#1: start worker process 29
2023/09/23 12:12:57 [notice] 1#1: start worker process 30
2023/09/23 12:12:57 [notice] 1#1: start worker process 31
2023/09/23 12:12:57 [notice] 1#1: start worker process 32
2023/09/23 12:12:57 [notice] 1#1: start worker process 33
2023/09/23 12:12:57 [notice] 1#1: start worker process 34
2023/09/23 12:12:57 [notice] 1#1: start worker process 35
2023/09/23 12:18:02 [notice] 1#1: signal 3 (SIGQUIT) received, shutting down
2023/09/23 12:18:02 [notice] 31#31: gracefully shutting down
2023/09/23 12:18:02 [notice] 32#32: gracefully shutting down
2023/09/23 12:18:02 [notice] 28#28: gracefully shutting down
2023/09/23 12:18:02 [notice] 34#34: gracefully shutting down
2023/09/23 12:18:02 [notice] 28#28: exiting
2023/09/23 12:18:02 [notice] 32#32: exiting
2023/09/23 12:18:02 [notice] 31#31: exiting
2023/09/23 12:18:02 [notice] 34#34: exiting
2023/09/23 12:18:02 [notice] 32#32: exit
2023/09/23 12:18:02 [notice] 34#34: exit
2023/09/23 12:18:02 [notice] 28#28: exit
2023/09/23 12:18:02 [notice] 31#31: exit
2023/09/23 12:18:02 [notice] 35#35: gracefully shutting down
2023/09/23 12:18:02 [notice] 35#35: exiting
2023/09/23 12:18:02 [notice] 35#35: exit
2023/09/23 12:18:02 [notice] 29#29: gracefully shutting down
2023/09/23 12:18:02 [notice] 29#29: exiting
2023/09/23 12:18:02 [notice] 29#29: exit
2023/09/23 12:18:02 [notice] 33#33: gracefully shutting down
2023/09/23 12:18:02 [notice] 33#33: exiting
2023/09/23 12:18:02 [notice] 33#33: exit
2023/09/23 12:18:02 [notice] 30#30: gracefully shutting down
2023/09/23 12:18:02 [notice] 30#30: exiting
2023/09/23 12:18:02 [notice] 30#30: exit
2023/09/23 12:18:02 [notice] 1#1: signal 17 (SIGCHLD) received from 31
2023/09/23 12:18:02 [notice] 1#1: worker process 29 exited with code 0
2023/09/23 12:18:02 [notice] 1#1: worker process 30 exited with code 0
2023/09/23 12:18:02 [notice] 1#1: worker process 31 exited with code 0
2023/09/23 12:18:02 [notice] 1#1: worker process 32 exited with code 0
2023/09/23 12:18:02 [notice] 1#1: worker process 33 exited with code 0
2023/09/23 12:18:02 [notice] 1#1: worker process 35 exited with code 0
2023/09/23 12:18:02 [notice] 1#1: signal 29 (SIGIO) received
2023/09/23 12:18:02 [notice] 1#1: signal 17 (SIGCHLD) received from 30
2023/09/23 12:18:02 [notice] 1#1: signal 17 (SIGCHLD) received from 34
2023/09/23 12:18:02 [notice] 1#1: worker process 34 exited with code 0
2023/09/23 12:18:02 [notice] 1#1: signal 29 (SIGIO) received
2023/09/23 12:18:02 [notice] 1#1: signal 17 (SIGCHLD) received from 28
2023/09/23 12:18:02 [notice] 1#1: worker process 28 exited with code 0
2023/09/23 12:18:02 [notice] 1#1: exit
2023/09/23 12:18:16 [notice] 1#1: using the "epoll" event method
2023/09/23 12:18:16 [notice] 1#1: nginx/1.25.2
2023/09/23 12:18:16 [notice] 1#1: built by gcc 12.2.0 (Debian 12.2.0-14) 
2023/09/23 12:18:16 [notice] 1#1: OS: Linux 5.10.16.3-microsoft-standard-WSL2
2023/09/23 12:18:16 [notice] 1#1: getrlimit(RLIMIT_NOFILE): 1048576:1048576
2023/09/23 12:18:16 [notice] 1#1: start worker processes
2023/09/23 12:18:16 [notice] 1#1: start worker process 28
2023/09/23 12:18:16 [notice] 1#1: start worker process 29
2023/09/23 12:18:16 [notice] 1#1: start worker process 30
2023/09/23 12:18:16 [notice] 1#1: start worker process 31
2023/09/23 12:18:16 [notice] 1#1: start worker process 32
2023/09/23 12:18:16 [notice] 1#1: start worker process 33
2023/09/23 12:18:16 [notice] 1#1: start worker process 34
2023/09/23 12:18:16 [notice] 1#1: start worker process 35
2023/09/23 12:26:29 [notice] 1#1: signal 3 (SIGQUIT) received, shutting down
2023/09/23 12:26:29 [notice] 29#29: gracefully shutting down
2023/09/23 12:26:29 [notice] 32#32: gracefully shutting down
2023/09/23 12:26:29 [notice] 34#34: gracefully shutting down
2023/09/23 12:26:29 [notice] 31#31: gracefully shutting down
2023/09/23 12:26:29 [notice] 35#35: gracefully shutting down
2023/09/23 12:26:29 [notice] 34#34: exiting
2023/09/23 12:26:29 [notice] 33#33: gracefully shutting down
2023/09/23 12:26:29 [notice] 30#30: gracefully shutting down
2023/09/23 12:26:29 [notice] 32#32: exiting
2023/09/23 12:26:29 [notice] 28#28: gracefully shutting down
2023/09/23 12:26:29 [notice] 35#35: exiting
2023/09/23 12:26:29 [notice] 33#33: exiting
2023/09/23 12:26:29 [notice] 31#31: exiting
2023/09/23 12:26:29 [notice] 28#28: exiting
2023/09/23 12:26:29 [notice] 30#30: exiting
2023/09/23 12:26:29 [notice] 29#29: exiting
2023/09/23 12:26:29 [notice] 29#29: exit
2023/09/23 12:26:29 [notice] 34#34: exit
2023/09/23 12:26:29 [notice] 33#33: exit
2023/09/23 12:26:29 [notice] 30#30: exit
2023/09/23 12:26:29 [notice] 35#35: exit
2023/09/23 12:26:29 [notice] 28#28: exit
2023/09/23 12:26:29 [notice] 31#31: exit
2023/09/23 12:26:29 [notice] 32#32: exit
2023/09/23 12:26:29 [notice] 1#1: signal 17 (SIGCHLD) received from 34
2023/09/23 12:26:29 [notice] 1#1: worker process 32 exited with code 0
2023/09/23 12:26:29 [notice] 1#1: worker process 34 exited with code 0
2023/09/23 12:26:29 [notice] 1#1: signal 29 (SIGIO) received
2023/09/23 12:26:29 [notice] 1#1: signal 17 (SIGCHLD) received from 35
2023/09/23 12:26:29 [notice] 1#1: worker process 35 exited with code 0
2023/09/23 12:26:29 [notice] 1#1: signal 29 (SIGIO) received
2023/09/23 12:26:29 [notice] 1#1: signal 17 (SIGCHLD) received from 33
2023/09/23 12:26:29 [notice] 1#1: worker process 28 exited with code 0
2023/09/23 12:26:29 [notice] 1#1: worker process 29 exited with code 0
2023/09/23 12:26:29 [notice] 1#1: worker process 30 exited with code 0
2023/09/23 12:26:29 [notice] 1#1: worker process 33 exited with code 0
2023/09/23 12:26:29 [notice] 1#1: signal 29 (SIGIO) received
2023/09/23 12:26:29 [notice] 1#1: signal 17 (SIGCHLD) received from 29
2023/09/23 12:26:29 [notice] 1#1: signal 17 (SIGCHLD) received from 31
2023/09/23 12:26:29 [notice] 1#1: worker process 31 exited with code 0
2023/09/23 12:26:29 [notice] 1#1: exit
2023/09/23 12:26:38 [emerg] 1#1: unknown directive "audit_log" in /etc/nginx/nginx.conf:17
2023/09/23 12:26:40 [emerg] 1#1: unknown directive "audit_log" in /etc/nginx/nginx.conf:17
2023/09/23 12:26:42 [emerg] 1#1: unknown directive "audit_log" in /etc/nginx/nginx.conf:17
2023/09/23 12:26:44 [emerg] 1#1: unknown directive "audit_log" in /etc/nginx/nginx.conf:17
2023/09/23 12:26:46 [emerg] 1#1: unknown directive "audit_log" in /etc/nginx/nginx.conf:17
2023/09/23 12:26:49 [emerg] 1#1: unknown directive "audit_log" in /etc/nginx/nginx.conf:17
2023/09/23 12:26:53 [emerg] 1#1: unknown directive "audit_log" in /etc/nginx/nginx.conf:17
2023/09/23 12:27:00 [emerg] 1#1: unknown directive "audit_log" in /etc/nginx/nginx.conf:17
2023/09/23 12:27:14 [emerg] 1#1: unknown directive "audit_log" in /etc/nginx/nginx.conf:17
2023/09/23 12:27:41 [emerg] 1#1: unknown directive "audit_log" in /etc/nginx/nginx.conf:17
2023/09/23 12:28:34 [emerg] 1#1: unknown directive "audit_log" in /etc/nginx/nginx.conf:17
2023/09/23 12:29:35 [emerg] 1#1: unknown directive "audit_log" in /etc/nginx/nginx.conf:17
2023/09/23 12:30:46 [emerg] 1#1: unknown directive "$status $body_bytes_sent "$http_referer" " in /etc/nginx/nginx.conf:20
2023/09/23 12:30:48 [emerg] 1#1: unknown directive "$status $body_bytes_sent "$http_referer" " in /etc/nginx/nginx.conf:20
2023/09/23 12:30:50 [emerg] 1#1: unknown directive "$status $body_bytes_sent "$http_referer" " in /etc/nginx/nginx.conf:20
2023/09/23 12:30:52 [emerg] 1#1: unknown directive "$status $body_bytes_sent "$http_referer" " in /etc/nginx/nginx.conf:20
2023/09/23 12:30:54 [emerg] 1#1: unknown directive "$status $body_bytes_sent "$http_referer" " in /etc/nginx/nginx.conf:20
2023/09/23 12:30:57 [emerg] 1#1: unknown directive "$status $body_bytes_sent "$http_referer" " in /etc/nginx/nginx.conf:20
2023/09/23 12:31:01 [emerg] 1#1: unknown directive "$status $body_bytes_sent "$http_referer" " in /etc/nginx/nginx.conf:20
2023/09/23 12:31:09 [emerg] 1#1: unknown directive "$status $body_bytes_sent "$http_referer" " in /etc/nginx/nginx.conf:20
2023/09/23 12:31:23 [emerg] 1#1: unknown directive "$status $body_bytes_sent "$http_referer" " in /etc/nginx/nginx.conf:20
2023/09/23 12:31:49 [emerg] 1#1: unknown directive "$status $body_bytes_sent "$http_referer" " in /etc/nginx/nginx.conf:20
2023/09/23 12:32:42 [emerg] 1#1: unknown directive "$status $body_bytes_sent "$http_referer" " in /etc/nginx/nginx.conf:20
2023/09/23 12:33:43 [emerg] 1#1: unknown directive "$status $body_bytes_sent "$http_referer" " in /etc/nginx/nginx.conf:20
2023/09/23 12:34:44 [emerg] 1#1: unknown directive "$status $body_bytes_sent "$http_referer" " in /etc/nginx/nginx.conf:20
2023/09/23 12:35:45 [emerg] 1#1: unknown directive "$status $body_bytes_sent "$http_referer" " in /etc/nginx/nginx.conf:20
2023/09/23 12:36:46 [emerg] 1#1: unknown directive "$status $body_bytes_sent "$http_referer" " in /etc/nginx/nginx.conf:20
2023/09/23 12:37:47 [emerg] 1#1: unknown directive "$status $body_bytes_sent "$http_referer" " in /etc/nginx/nginx.conf:20
2023/09/23 12:38:45 [emerg] 1#1: invalid parameter "audit_log_format" in /etc/nginx/nginx.conf:29
2023/09/23 12:38:47 [emerg] 1#1: invalid parameter "audit_log_format" in /etc/nginx/nginx.conf:29
2023/09/23 12:38:49 [emerg] 1#1: invalid parameter "audit_log_format" in /etc/nginx/nginx.conf:29
2023/09/23 12:38:51 [emerg] 1#1: invalid parameter "audit_log_format" in /etc/nginx/nginx.conf:29
2023/09/23 12:38:53 [emerg] 1#1: invalid parameter "audit_log_format" in /etc/nginx/nginx.conf:29
2023/09/23 12:38:55 [emerg] 1#1: invalid parameter "audit_log_format" in /etc/nginx/nginx.conf:29
2023/09/23 12:39:00 [emerg] 1#1: invalid parameter "audit_log_format" in /etc/nginx/nginx.conf:29
2023/09/23 12:39:07 [emerg] 1#1: invalid parameter "audit_log_format" in /etc/nginx/nginx.conf:29
2023/09/23 12:39:21 [emerg] 1#1: invalid parameter "audit_log_format" in /etc/nginx/nginx.conf:29
2023/09/23 12:39:48 [emerg] 1#1: invalid parameter "audit_log_format" in /etc/nginx/nginx.conf:29
2023/09/23 12:40:40 [emerg] 1#1: invalid parameter "audit_log_format" in /etc/nginx/nginx.conf:29
2023/09/23 12:41:00 [emerg] 1#1: invalid parameter "audit_log_format" in /etc/nginx/nginx.conf:28
2023/09/23 12:41:02 [emerg] 1#1: invalid parameter "audit_log_format" in /etc/nginx/nginx.conf:28
2023/09/23 12:41:04 [emerg] 1#1: invalid parameter "audit_log_format" in /etc/nginx/nginx.conf:28
2023/09/23 12:41:06 [emerg] 1#1: invalid parameter "audit_log_format" in /etc/nginx/nginx.conf:28
2023/09/23 12:41:08 [emerg] 1#1: invalid parameter "audit_log_format" in /etc/nginx/nginx.conf:28
2023/09/23 12:41:10 [emerg] 1#1: invalid parameter "audit_log_format" in /etc/nginx/nginx.conf:28
2023/09/23 12:41:14 [emerg] 1#1: invalid parameter "audit_log_format" in /etc/nginx/nginx.conf:28
2023/09/23 12:41:22 [emerg] 1#1: invalid parameter "audit_log_format" in /etc/nginx/nginx.conf:28
2023/09/23 12:41:36 [emerg] 1#1: invalid parameter "audit_log_format" in /etc/nginx/nginx.conf:28
2023/09/23 12:42:03 [emerg] 1#1: invalid parameter "audit_log_format" in /etc/nginx/nginx.conf:28
2023/09/23 12:42:24 [emerg] 1#1: invalid parameter "audit_log_format" in /etc/nginx/nginx.conf:27
2023/09/23 12:42:26 [emerg] 1#1: invalid parameter "audit_log_format" in /etc/nginx/nginx.conf:27
2023/09/23 12:42:28 [emerg] 1#1: invalid parameter "audit_log_format" in /etc/nginx/nginx.conf:27
2023/09/23 12:42:30 [emerg] 1#1: invalid parameter "audit_log_format" in /etc/nginx/nginx.conf:27
2023/09/23 12:42:32 [emerg] 1#1: invalid parameter "audit_log_format" in /etc/nginx/nginx.conf:27
2023/09/23 12:42:34 [emerg] 1#1: invalid parameter "audit_log_format" in /etc/nginx/nginx.conf:27
2023/09/23 12:42:39 [emerg] 1#1: invalid parameter "audit_log_format" in /etc/nginx/nginx.conf:27
2023/09/23 12:42:46 [emerg] 1#1: invalid parameter "audit_log_format" in /etc/nginx/nginx.conf:27
2023/09/23 12:43:00 [emerg] 1#1: invalid parameter "audit_log_format" in /etc/nginx/nginx.conf:27
2023/09/23 12:43:27 [emerg] 1#1: invalid parameter "audit_log_format" in /etc/nginx/nginx.conf:27
2023/09/23 12:44:20 [emerg] 1#1: invalid parameter "audit_log_format" in /etc/nginx/nginx.conf:27
2023/09/23 12:45:21 [emerg] 1#1: invalid parameter "audit_log_format" in /etc/nginx/nginx.conf:27
2023/09/23 12:45:44 [emerg] 1#1: invalid parameter "audit_log_format" in /etc/nginx/nginx.conf:24
2023/09/23 12:45:47 [emerg] 1#1: invalid parameter "audit_log_format" in /etc/nginx/nginx.conf:24
2023/09/23 12:45:49 [emerg] 1#1: invalid parameter "audit_log_format" in /etc/nginx/nginx.conf:24
2023/09/23 12:45:50 [emerg] 1#1: invalid parameter "audit_log_format" in /etc/nginx/nginx.conf:24
2023/09/23 12:45:52 [emerg] 1#1: invalid parameter "audit_log_format" in /etc/nginx/nginx.conf:24
2023/09/23 12:45:55 [emerg] 1#1: invalid parameter "audit_log_format" in /etc/nginx/nginx.conf:24
2023/09/23 12:45:59 [emerg] 1#1: invalid parameter "audit_log_format" in /etc/nginx/nginx.conf:24
2023/09/23 12:46:07 [emerg] 1#1: invalid parameter "audit_log_format" in /etc/nginx/nginx.conf:24
2023/09/23 12:46:21 [emerg] 1#1: invalid parameter "audit_log_format" in /etc/nginx/nginx.conf:24
2023/09/23 12:46:48 [emerg] 1#1: invalid parameter "audit_log_format" in /etc/nginx/nginx.conf:24
2023/09/23 12:47:40 [emerg] 1#1: invalid parameter "audit_log_format" in /etc/nginx/nginx.conf:24
2023/09/23 12:47:59 [emerg] 1#1: invalid parameter "custom" in /etc/nginx/nginx.conf:27
2023/09/23 12:48:02 [emerg] 1#1: invalid parameter "custom" in /etc/nginx/nginx.conf:27
2023/09/23 12:48:04 [emerg] 1#1: invalid parameter "custom" in /etc/nginx/nginx.conf:27
2023/09/23 12:48:05 [emerg] 1#1: invalid parameter "custom" in /etc/nginx/nginx.conf:27
2023/09/23 12:48:07 [emerg] 1#1: invalid parameter "custom" in /etc/nginx/nginx.conf:27
2023/09/23 12:48:10 [emerg] 1#1: invalid parameter "custom" in /etc/nginx/nginx.conf:27
2023/09/23 12:48:15 [emerg] 1#1: invalid parameter "custom" in /etc/nginx/nginx.conf:27
2023/09/23 12:48:43 [notice] 1#1: using the "epoll" event method
2023/09/23 12:48:43 [notice] 1#1: nginx/1.25.2
2023/09/23 12:48:43 [notice] 1#1: built by gcc 12.2.0 (Debian 12.2.0-14) 
2023/09/23 12:48:43 [notice] 1#1: OS: Linux 5.10.16.3-microsoft-standard-WSL2
2023/09/23 12:48:43 [notice] 1#1: getrlimit(RLIMIT_NOFILE): 1048576:1048576
2023/09/23 12:48:43 [notice] 1#1: start worker processes
2023/09/23 12:48:43 [notice] 1#1: start worker process 28
2023/09/23 12:48:43 [notice] 1#1: start worker process 29
2023/09/23 12:48:43 [notice] 1#1: start worker process 30
2023/09/23 12:48:43 [notice] 1#1: start worker process 31
2023/09/23 12:48:43 [notice] 1#1: start worker process 32
2023/09/23 12:48:43 [notice] 1#1: start worker process 33
2023/09/23 12:48:43 [notice] 1#1: start worker process 34
2023/09/23 12:48:43 [notice] 1#1: start worker process 35
2023/09/23 12:52:32 [notice] 1#1: signal 3 (SIGQUIT) received, shutting down
2023/09/23 12:52:32 [notice] 29#29: gracefully shutting down
2023/09/23 12:52:32 [notice] 28#28: gracefully shutting down
2023/09/23 12:52:32 [notice] 34#34: gracefully shutting down
2023/09/23 12:52:32 [notice] 35#35: gracefully shutting down
2023/09/23 12:52:32 [notice] 33#33: gracefully shutting down
2023/09/23 12:52:32 [notice] 30#30: gracefully shutting down
2023/09/23 12:52:32 [notice] 28#28: exiting
2023/09/23 12:52:32 [notice] 29#29: exiting
2023/09/23 12:52:32 [notice] 33#33: exiting
2023/09/23 12:52:32 [notice] 34#34: exiting
2023/09/23 12:52:32 [notice] 35#35: exiting
2023/09/23 12:52:32 [notice] 30#30: exiting
2023/09/23 12:52:32 [notice] 31#31: gracefully shutting down
2023/09/23 12:52:32 [notice] 31#31: exiting
2023/09/23 12:52:32 [notice] 34#34: exit
2023/09/23 12:52:32 [notice] 28#28: exit
2023/09/23 12:52:32 [notice] 33#33: exit
2023/09/23 12:52:32 [notice] 29#29: exit
2023/09/23 12:52:32 [notice] 30#30: exit
2023/09/23 12:52:32 [notice] 35#35: exit
2023/09/23 12:52:32 [notice] 31#31: exit
2023/09/23 12:52:32 [notice] 32#32: gracefully shutting down
2023/09/23 12:52:32 [notice] 32#32: exiting
2023/09/23 12:52:32 [notice] 32#32: exit
2023/09/23 12:52:32 [notice] 1#1: signal 17 (SIGCHLD) received from 33
2023/09/23 12:52:32 [notice] 1#1: worker process 28 exited with code 0
2023/09/23 12:52:32 [notice] 1#1: worker process 31 exited with code 0
2023/09/23 12:52:32 [notice] 1#1: worker process 33 exited with code 0
2023/09/23 12:52:32 [notice] 1#1: signal 29 (SIGIO) received
2023/09/23 12:52:32 [notice] 1#1: signal 17 (SIGCHLD) received from 31
2023/09/23 12:52:32 [notice] 1#1: signal 17 (SIGCHLD) received from 35
2023/09/23 12:52:32 [notice] 1#1: worker process 34 exited with code 0
2023/09/23 12:52:32 [notice] 1#1: worker process 35 exited with code 0
2023/09/23 12:52:32 [notice] 1#1: signal 29 (SIGIO) received
2023/09/23 12:52:32 [notice] 1#1: signal 17 (SIGCHLD) received from 30
2023/09/23 12:52:32 [notice] 1#1: worker process 30 exited with code 0
2023/09/23 12:52:32 [notice] 1#1: signal 29 (SIGIO) received
2023/09/23 12:52:32 [notice] 1#1: signal 17 (SIGCHLD) received from 32
2023/09/23 12:52:32 [notice] 1#1: worker process 32 exited with code 0
2023/09/23 12:52:32 [notice] 1#1: signal 29 (SIGIO) received
2023/09/23 12:52:32 [notice] 1#1: signal 17 (SIGCHLD) received from 29
2023/09/23 12:52:32 [notice] 1#1: worker process 29 exited with code 0
2023/09/23 12:52:32 [notice] 1#1: exit
2023/09/23 12:52:41 [notice] 1#1: using the "epoll" event method
2023/09/23 12:52:41 [notice] 1#1: nginx/1.25.2
2023/09/23 12:52:41 [notice] 1#1: built by gcc 12.2.0 (Debian 12.2.0-14) 
2023/09/23 12:52:41 [notice] 1#1: OS: Linux 5.10.16.3-microsoft-standard-WSL2
2023/09/23 12:52:41 [notice] 1#1: getrlimit(RLIMIT_NOFILE): 1048576:1048576
2023/09/23 12:52:41 [notice] 1#1: start worker processes
2023/09/23 12:52:41 [notice] 1#1: start worker process 28
2023/09/23 12:52:41 [notice] 1#1: start worker process 29
2023/09/23 12:52:41 [notice] 1#1: start worker process 30
2023/09/23 12:52:41 [notice] 1#1: start worker process 31
2023/09/23 12:52:41 [notice] 1#1: start worker process 32
2023/09/23 12:52:41 [notice] 1#1: start worker process 33
2023/09/23 12:52:41 [notice] 1#1: start worker process 34
2023/09/23 12:52:41 [notice] 1#1: start worker process 35
2023/09/23 12:54:56 [notice] 1#1: signal 3 (SIGQUIT) received, shutting down
2023/09/23 12:54:56 [notice] 28#28: gracefully shutting down
2023/09/23 12:54:56 [notice] 30#30: gracefully shutting down
2023/09/23 12:54:56 [notice] 29#29: gracefully shutting down
2023/09/23 12:54:56 [notice] 34#34: gracefully shutting down
2023/09/23 12:54:56 [notice] 31#31: gracefully shutting down
2023/09/23 12:54:56 [notice] 28#28: exiting
2023/09/23 12:54:56 [notice] 33#33: gracefully shutting down
2023/09/23 12:54:56 [notice] 34#34: exiting
2023/09/23 12:54:56 [notice] 29#29: exiting
2023/09/23 12:54:56 [notice] 30#30: exiting
2023/09/23 12:54:56 [notice] 33#33: exiting
2023/09/23 12:54:56 [notice] 31#31: exiting
2023/09/23 12:54:56 [notice] 28#28: exit
2023/09/23 12:54:56 [notice] 29#29: exit
2023/09/23 12:54:56 [notice] 31#31: exit
2023/09/23 12:54:56 [notice] 34#34: exit
2023/09/23 12:54:56 [notice] 30#30: exit
2023/09/23 12:54:56 [notice] 33#33: exit
2023/09/23 12:54:56 [notice] 35#35: gracefully shutting down
2023/09/23 12:54:56 [notice] 35#35: exiting
2023/09/23 12:54:56 [notice] 32#32: gracefully shutting down
2023/09/23 12:54:56 [notice] 32#32: exiting
2023/09/23 12:54:56 [notice] 35#35: exit
2023/09/23 12:54:56 [notice] 32#32: exit
2023/09/23 12:54:57 [notice] 1#1: signal 17 (SIGCHLD) received from 29
2023/09/23 12:54:57 [notice] 1#1: worker process 29 exited with code 0
2023/09/23 12:54:57 [notice] 1#1: worker process 30 exited with code 0
2023/09/23 12:54:57 [notice] 1#1: worker process 31 exited with code 0
2023/09/23 12:54:57 [notice] 1#1: signal 29 (SIGIO) received
2023/09/23 12:54:57 [notice] 1#1: signal 17 (SIGCHLD) received from 28
2023/09/23 12:54:57 [notice] 1#1: worker process 28 exited with code 0
2023/09/23 12:54:57 [notice] 1#1: signal 29 (SIGIO) received
2023/09/23 12:54:57 [notice] 1#1: signal 17 (SIGCHLD) received from 34
2023/09/23 12:54:57 [notice] 1#1: worker process 34 exited with code 0
2023/09/23 12:54:57 [notice] 1#1: signal 29 (SIGIO) received
2023/09/23 12:54:57 [notice] 1#1: signal 17 (SIGCHLD) received from 35
2023/09/23 12:54:57 [notice] 1#1: worker process 35 exited with code 0
2023/09/23 12:54:57 [notice] 1#1: signal 29 (SIGIO) received
2023/09/23 12:54:57 [notice] 1#1: signal 17 (SIGCHLD) received from 33
2023/09/23 12:54:57 [notice] 1#1: worker process 33 exited with code 0
2023/09/23 12:54:57 [notice] 1#1: signal 29 (SIGIO) received
2023/09/23 12:54:57 [notice] 1#1: signal 17 (SIGCHLD) received from 32
2023/09/23 12:54:57 [notice] 1#1: worker process 32 exited with code 0
2023/09/23 12:54:57 [notice] 1#1: exit
2023/09/23 12:55:06 [emerg] 1#1: "log_format" directive is not allowed here in /etc/nginx/conf.d/consul.hasti.co.conf:32
2023/09/23 12:55:09 [emerg] 1#1: "log_format" directive is not allowed here in /etc/nginx/conf.d/consul.hasti.co.conf:32
2023/09/23 12:55:11 [emerg] 1#1: "log_format" directive is not allowed here in /etc/nginx/conf.d/consul.hasti.co.conf:32
2023/09/23 12:55:12 [emerg] 1#1: "log_format" directive is not allowed here in /etc/nginx/conf.d/consul.hasti.co.conf:32
2023/09/23 12:55:14 [emerg] 1#1: "log_format" directive is not allowed here in /etc/nginx/conf.d/consul.hasti.co.conf:32
2023/09/23 12:55:17 [emerg] 1#1: "log_format" directive is not allowed here in /etc/nginx/conf.d/consul.hasti.co.conf:32
2023/09/23 12:55:22 [emerg] 1#1: "log_format" directive is not allowed here in /etc/nginx/conf.d/consul.hasti.co.conf:32
2023/09/23 12:55:29 [emerg] 1#1: "log_format" directive is not allowed here in /etc/nginx/conf.d/consul.hasti.co.conf:32
2023/09/23 12:55:43 [emerg] 1#1: "log_format" directive is not allowed here in /etc/nginx/conf.d/consul.hasti.co.conf:32
2023/09/23 12:56:10 [emerg] 1#1: "log_format" directive is not allowed here in /etc/nginx/conf.d/consul.hasti.co.conf:32
2023/09/23 12:57:03 [emerg] 1#1: unknown log format "kv" in /etc/nginx/conf.d/consul.hasti.co.conf:24
2023/09/23 12:58:04 [emerg] 1#1: unknown log format "kv" in /etc/nginx/conf.d/consul.hasti.co.conf:24
2023/09/23 12:59:05 [emerg] 1#1: unknown log format "kv" in /etc/nginx/conf.d/consul.hasti.co.conf:24
2023/09/23 13:00:06 [emerg] 1#1: unknown log format "kv" in /etc/nginx/conf.d/consul.hasti.co.conf:24
2023/09/23 13:00:59 [notice] 1#1: using the "epoll" event method
2023/09/23 13:00:59 [notice] 1#1: nginx/1.25.2
2023/09/23 13:00:59 [notice] 1#1: built by gcc 12.2.0 (Debian 12.2.0-14) 
2023/09/23 13:00:59 [notice] 1#1: OS: Linux 5.10.16.3-microsoft-standard-WSL2
2023/09/23 13:00:59 [notice] 1#1: getrlimit(RLIMIT_NOFILE): 1048576:1048576
2023/09/23 13:00:59 [notice] 1#1: start worker processes
2023/09/23 13:00:59 [notice] 1#1: start worker process 28
2023/09/23 13:00:59 [notice] 1#1: start worker process 29
2023/09/23 13:00:59 [notice] 1#1: start worker process 30
2023/09/23 13:00:59 [notice] 1#1: start worker process 31
2023/09/23 13:00:59 [notice] 1#1: start worker process 32
2023/09/23 13:00:59 [notice] 1#1: start worker process 33
2023/09/23 13:00:59 [notice] 1#1: start worker process 34
2023/09/23 13:00:59 [notice] 1#1: start worker process 35
2023/09/23 13:09:49 [notice] 1#1: signal 3 (SIGQUIT) received, shutting down
2023/09/23 13:09:49 [notice] 30#30: gracefully shutting down
2023/09/23 13:09:49 [notice] 28#28: gracefully shutting down
2023/09/23 13:09:49 [notice] 29#29: gracefully shutting down
2023/09/23 13:09:49 [notice] 31#31: gracefully shutting down
2023/09/23 13:09:49 [notice] 28#28: exiting
2023/09/23 13:09:49 [notice] 30#30: exiting
2023/09/23 13:09:49 [notice] 33#33: gracefully shutting down
2023/09/23 13:09:49 [notice] 31#31: exiting
2023/09/23 13:09:49 [notice] 34#34: gracefully shutting down
2023/09/23 13:09:49 [notice] 33#33: exiting
2023/09/23 13:09:49 [notice] 34#34: exiting
2023/09/23 13:09:49 [notice] 29#29: exiting
2023/09/23 13:09:49 [notice] 34#34: exit
2023/09/23 13:09:49 [notice] 30#30: exit
2023/09/23 13:09:49 [notice] 28#28: exit
2023/09/23 13:09:49 [notice] 29#29: exit
2023/09/23 13:09:49 [notice] 31#31: exit
2023/09/23 13:09:49 [notice] 33#33: exit
2023/09/23 13:09:49 [notice] 32#32: gracefully shutting down
2023/09/23 13:09:49 [notice] 35#35: gracefully shutting down
2023/09/23 13:09:49 [notice] 32#32: exiting
2023/09/23 13:09:49 [notice] 35#35: exiting
2023/09/23 13:09:49 [notice] 35#35: exit
2023/09/23 13:09:49 [notice] 32#32: exit
2023/09/23 13:09:49 [notice] 1#1: signal 17 (SIGCHLD) received from 29
2023/09/23 13:09:49 [notice] 1#1: worker process 29 exited with code 0
2023/09/23 13:09:49 [notice] 1#1: worker process 30 exited with code 0
2023/09/23 13:09:49 [notice] 1#1: signal 29 (SIGIO) received
2023/09/23 13:09:49 [notice] 1#1: signal 17 (SIGCHLD) received from 34
2023/09/23 13:09:49 [notice] 1#1: worker process 31 exited with code 0
2023/09/23 13:09:49 [notice] 1#1: worker process 33 exited with code 0
2023/09/23 13:09:49 [notice] 1#1: worker process 34 exited with code 0
2023/09/23 13:09:49 [notice] 1#1: signal 29 (SIGIO) received
2023/09/23 13:09:49 [notice] 1#1: signal 17 (SIGCHLD) received from 33
2023/09/23 13:09:49 [notice] 1#1: worker process 35 exited with code 0
2023/09/23 13:09:49 [notice] 1#1: signal 29 (SIGIO) received
2023/09/23 13:09:49 [notice] 1#1: signal 17 (SIGCHLD) received from 35
2023/09/23 13:09:49 [notice] 1#1: signal 17 (SIGCHLD) received from 32
2023/09/23 13:09:49 [notice] 1#1: worker process 32 exited with code 0
2023/09/23 13:09:49 [notice] 1#1: signal 29 (SIGIO) received
2023/09/23 13:09:49 [notice] 1#1: signal 17 (SIGCHLD) received from 28
2023/09/23 13:09:49 [notice] 1#1: worker process 28 exited with code 0
2023/09/23 13:09:49 [notice] 1#1: exit
2023/09/23 13:09:59 [notice] 1#1: using the "epoll" event method
2023/09/23 13:09:59 [notice] 1#1: nginx/1.25.2
2023/09/23 13:09:59 [notice] 1#1: built by gcc 12.2.0 (Debian 12.2.0-14) 
2023/09/23 13:09:59 [notice] 1#1: OS: Linux 5.10.16.3-microsoft-standard-WSL2
2023/09/23 13:09:59 [notice] 1#1: getrlimit(RLIMIT_NOFILE): 1048576:1048576
2023/09/23 13:09:59 [notice] 1#1: start worker processes
2023/09/23 13:09:59 [notice] 1#1: start worker process 28
2023/09/23 13:09:59 [notice] 1#1: start worker process 29
2023/09/23 13:09:59 [notice] 1#1: start worker process 30
2023/09/23 13:09:59 [notice] 1#1: start worker process 31
2023/09/23 13:09:59 [notice] 1#1: start worker process 32
2023/09/23 13:09:59 [notice] 1#1: start worker process 33
2023/09/23 13:09:59 [notice] 1#1: start worker process 34
2023/09/23 13:09:59 [notice] 1#1: start worker process 35
2023/09/23 13:45:28 [notice] 1#1: signal 3 (SIGQUIT) received, shutting down
2023/09/23 13:45:28 [notice] 35#35: gracefully shutting down
2023/09/23 13:45:28 [notice] 34#34: gracefully shutting down
2023/09/23 13:45:28 [notice] 31#31: gracefully shutting down
2023/09/23 13:45:28 [notice] 28#28: gracefully shutting down
2023/09/23 13:45:28 [notice] 30#30: gracefully shutting down
2023/09/23 13:45:28 [notice] 32#32: gracefully shutting down
2023/09/23 13:45:28 [notice] 35#35: exiting
2023/09/23 13:45:28 [notice] 34#34: exiting
2023/09/23 13:45:28 [notice] 32#32: exiting
2023/09/23 13:45:28 [notice] 28#28: exiting
2023/09/23 13:45:28 [notice] 31#31: exiting
2023/09/23 13:45:28 [notice] 30#30: exiting
2023/09/23 13:45:28 [notice] 30#30: exit
2023/09/23 13:45:28 [notice] 35#35: exit
2023/09/23 13:45:28 [notice] 32#32: exit
2023/09/23 13:45:28 [notice] 34#34: exit
2023/09/23 13:45:28 [notice] 31#31: exit
2023/09/23 13:45:28 [notice] 28#28: exit
2023/09/23 13:45:28 [notice] 29#29: gracefully shutting down
2023/09/23 13:45:28 [notice] 33#33: gracefully shutting down
2023/09/23 13:45:28 [notice] 33#33: exiting
2023/09/23 13:45:28 [notice] 29#29: exiting
2023/09/23 13:45:28 [notice] 29#29: exit
2023/09/23 13:45:28 [notice] 33#33: exit
2023/09/23 13:45:28 [notice] 1#1: signal 17 (SIGCHLD) received from 32
2023/09/23 13:45:28 [notice] 1#1: worker process 30 exited with code 0
2023/09/23 13:45:28 [notice] 1#1: worker process 32 exited with code 0
2023/09/23 13:45:28 [notice] 1#1: signal 29 (SIGIO) received
2023/09/23 13:45:28 [notice] 1#1: signal 17 (SIGCHLD) received from 30
2023/09/23 13:45:28 [notice] 1#1: signal 17 (SIGCHLD) received from 35
2023/09/23 13:45:28 [notice] 1#1: worker process 28 exited with code 0
2023/09/23 13:45:28 [notice] 1#1: worker process 29 exited with code 0
2023/09/23 13:45:28 [notice] 1#1: worker process 34 exited with code 0
2023/09/23 13:45:28 [notice] 1#1: worker process 35 exited with code 0
2023/09/23 13:45:28 [notice] 1#1: signal 29 (SIGIO) received
2023/09/23 13:45:28 [notice] 1#1: signal 17 (SIGCHLD) received from 29
2023/09/23 13:45:28 [notice] 1#1: signal 17 (SIGCHLD) received from 33
2023/09/23 13:45:28 [notice] 1#1: worker process 33 exited with code 0
2023/09/23 13:45:28 [notice] 1#1: signal 29 (SIGIO) received
2023/09/23 13:45:28 [notice] 1#1: signal 17 (SIGCHLD) received from 31
2023/09/23 13:45:28 [notice] 1#1: worker process 31 exited with code 0
2023/09/23 13:45:28 [notice] 1#1: exit
2023/09/23 13:45:37 [notice] 1#1: using the "epoll" event method
2023/09/23 13:45:37 [notice] 1#1: nginx/1.25.2
2023/09/23 13:45:37 [notice] 1#1: built by gcc 12.2.0 (Debian 12.2.0-14) 
2023/09/23 13:45:37 [notice] 1#1: OS: Linux 5.10.16.3-microsoft-standard-WSL2
2023/09/23 13:45:37 [notice] 1#1: getrlimit(RLIMIT_NOFILE): 1048576:1048576
2023/09/23 13:45:37 [notice] 1#1: start worker processes
2023/09/23 13:45:37 [notice] 1#1: start worker process 28
2023/09/23 13:45:37 [notice] 1#1: start worker process 29
2023/09/23 13:45:37 [notice] 1#1: start worker process 30
2023/09/23 13:45:37 [notice] 1#1: start worker process 31
2023/09/23 13:45:37 [notice] 1#1: start worker process 32
2023/09/23 13:45:37 [notice] 1#1: start worker process 33
2023/09/23 13:45:37 [notice] 1#1: start worker process 34
2023/09/23 13:45:37 [notice] 1#1: start worker process 35
2023/09/23 13:48:07 [notice] 1#1: signal 3 (SIGQUIT) received, shutting down
2023/09/23 13:48:07 [notice] 32#32: gracefully shutting down
2023/09/23 13:48:07 [notice] 29#29: gracefully shutting down
2023/09/23 13:48:07 [notice] 32#32: exiting
2023/09/23 13:48:07 [notice] 35#35: gracefully shutting down
2023/09/23 13:48:07 [notice] 29#29: exiting
2023/09/23 13:48:07 [notice] 35#35: exiting
2023/09/23 13:48:07 [notice] 35#35: exit
2023/09/23 13:48:07 [notice] 32#32: exit
2023/09/23 13:48:07 [notice] 29#29: exit
2023/09/23 13:48:07 [notice] 31#31: gracefully shutting down
2023/09/23 13:48:07 [notice] 31#31: exiting
2023/09/23 13:48:07 [notice] 31#31: exit
2023/09/23 13:48:07 [notice] 33#33: gracefully shutting down
2023/09/23 13:48:07 [notice] 33#33: exiting
2023/09/23 13:48:07 [notice] 33#33: exit
2023/09/23 13:48:07 [notice] 28#28: gracefully shutting down
2023/09/23 13:48:07 [notice] 28#28: exiting
2023/09/23 13:48:07 [notice] 28#28: exit
2023/09/23 13:48:07 [notice] 30#30: gracefully shutting down
2023/09/23 13:48:07 [notice] 30#30: exiting
2023/09/23 13:48:07 [notice] 30#30: exit
2023/09/23 13:48:07 [notice] 34#34: gracefully shutting down
2023/09/23 13:48:07 [notice] 34#34: exiting
2023/09/23 13:48:07 [notice] 34#34: exit
2023/09/23 13:48:07 [notice] 1#1: signal 17 (SIGCHLD) received from 32
2023/09/23 13:48:07 [notice] 1#1: worker process 32 exited with code 0
2023/09/23 13:48:07 [notice] 1#1: worker process 35 exited with code 0
2023/09/23 13:48:07 [notice] 1#1: signal 29 (SIGIO) received
2023/09/23 13:48:07 [notice] 1#1: signal 17 (SIGCHLD) received from 35
2023/09/23 13:48:07 [notice] 1#1: signal 17 (SIGCHLD) received from 29
2023/09/23 13:48:07 [notice] 1#1: worker process 28 exited with code 0
2023/09/23 13:48:07 [notice] 1#1: worker process 29 exited with code 0
2023/09/23 13:48:07 [notice] 1#1: worker process 30 exited with code 0
2023/09/23 13:48:07 [notice] 1#1: worker process 31 exited with code 0
2023/09/23 13:48:07 [notice] 1#1: worker process 33 exited with code 0
2023/09/23 13:48:07 [notice] 1#1: worker process 34 exited with code 0
2023/09/23 13:48:07 [notice] 1#1: exit
2023/09/23 13:48:17 [notice] 1#1: using the "epoll" event method
2023/09/23 13:48:17 [notice] 1#1: nginx/1.25.2
2023/09/23 13:48:17 [notice] 1#1: built by gcc 12.2.0 (Debian 12.2.0-14) 
2023/09/23 13:48:17 [notice] 1#1: OS: Linux 5.10.16.3-microsoft-standard-WSL2
2023/09/23 13:48:17 [notice] 1#1: getrlimit(RLIMIT_NOFILE): 1048576:1048576
2023/09/23 13:48:17 [notice] 1#1: start worker processes
2023/09/23 13:48:17 [notice] 1#1: start worker process 28
2023/09/23 13:48:17 [notice] 1#1: start worker process 29
2023/09/23 13:48:17 [notice] 1#1: start worker process 30
2023/09/23 13:48:17 [notice] 1#1: start worker process 31
2023/09/23 13:48:17 [notice] 1#1: start worker process 32
2023/09/23 13:48:17 [notice] 1#1: start worker process 33
2023/09/23 13:48:17 [notice] 1#1: start worker process 34
2023/09/23 13:48:17 [notice] 1#1: start worker process 35
2023/09/23 13:49:20 [notice] 1#1: signal 3 (SIGQUIT) received, shutting down
2023/09/23 13:49:20 [notice] 28#28: gracefully shutting down
2023/09/23 13:49:20 [notice] 30#30: gracefully shutting down
2023/09/23 13:49:20 [notice] 29#29: gracefully shutting down
2023/09/23 13:49:20 [notice] 33#33: gracefully shutting down
2023/09/23 13:49:20 [notice] 28#28: exiting
2023/09/23 13:49:20 [notice] 29#29: exiting
2023/09/23 13:49:20 [notice] 35#35: gracefully shutting down
2023/09/23 13:49:20 [notice] 30#30: exiting
2023/09/23 13:49:20 [notice] 34#34: gracefully shutting down
2023/09/23 13:49:20 [notice] 33#33: exiting
2023/09/23 13:49:20 [notice] 35#35: exiting
2023/09/23 13:49:20 [notice] 34#34: exiting
2023/09/23 13:49:20 [notice] 33#33: exit
2023/09/23 13:49:20 [notice] 34#34: exit
2023/09/23 13:49:20 [notice] 35#35: exit
2023/09/23 13:49:20 [notice] 29#29: exit
2023/09/23 13:49:20 [notice] 28#28: exit
2023/09/23 13:49:20 [notice] 30#30: exit
2023/09/23 13:49:20 [notice] 32#32: gracefully shutting down
2023/09/23 13:49:20 [notice] 32#32: exiting
2023/09/23 13:49:20 [notice] 31#31: gracefully shutting down
2023/09/23 13:49:20 [notice] 31#31: exiting
2023/09/23 13:49:20 [notice] 32#32: exit
2023/09/23 13:49:20 [notice] 31#31: exit
2023/09/23 13:49:20 [notice] 1#1: signal 17 (SIGCHLD) received from 34
2023/09/23 13:49:20 [notice] 1#1: worker process 33 exited with code 0
2023/09/23 13:49:20 [notice] 1#1: worker process 34 exited with code 0
2023/09/23 13:49:20 [notice] 1#1: worker process 35 exited with code 0
2023/09/23 13:49:20 [notice] 1#1: signal 29 (SIGIO) received
2023/09/23 13:49:20 [notice] 1#1: signal 17 (SIGCHLD) received from 28
2023/09/23 13:49:20 [notice] 1#1: worker process 28 exited with code 0
2023/09/23 13:49:20 [notice] 1#1: worker process 30 exited with code 0
2023/09/23 13:49:20 [notice] 1#1: signal 29 (SIGIO) received
2023/09/23 13:49:20 [notice] 1#1: signal 17 (SIGCHLD) received from 29
2023/09/23 13:49:20 [notice] 1#1: worker process 29 exited with code 0
2023/09/23 13:49:20 [notice] 1#1: worker process 31 exited with code 0
2023/09/23 13:49:20 [notice] 1#1: worker process 32 exited with code 0
2023/09/23 13:49:20 [notice] 1#1: exit
2023/09/23 13:49:30 [notice] 1#1: using the "epoll" event method
2023/09/23 13:49:30 [notice] 1#1: nginx/1.25.2
2023/09/23 13:49:30 [notice] 1#1: built by gcc 12.2.0 (Debian 12.2.0-14) 
2023/09/23 13:49:30 [notice] 1#1: OS: Linux 5.10.16.3-microsoft-standard-WSL2
2023/09/23 13:49:30 [notice] 1#1: getrlimit(RLIMIT_NOFILE): 1048576:1048576
2023/09/23 13:49:30 [notice] 1#1: start worker processes
2023/09/23 13:49:30 [notice] 1#1: start worker process 28
2023/09/23 13:49:30 [notice] 1#1: start worker process 29
2023/09/23 13:49:30 [notice] 1#1: start worker process 30
2023/09/23 13:49:30 [notice] 1#1: start worker process 31
2023/09/23 13:49:30 [notice] 1#1: start worker process 32
2023/09/23 13:49:30 [notice] 1#1: start worker process 33
2023/09/23 13:49:30 [notice] 1#1: start worker process 34
2023/09/23 13:49:30 [notice] 1#1: start worker process 35
2023/09/23 13:50:02 [notice] 1#1: signal 3 (SIGQUIT) received, shutting down
2023/09/23 13:50:02 [notice] 28#28: gracefully shutting down
2023/09/23 13:50:02 [notice] 30#30: gracefully shutting down
2023/09/23 13:50:02 [notice] 29#29: gracefully shutting down
2023/09/23 13:50:02 [notice] 28#28: exiting
2023/09/23 13:50:02 [notice] 33#33: gracefully shutting down
2023/09/23 13:50:02 [notice] 30#30: exiting
2023/09/23 13:50:02 [notice] 29#29: exiting
2023/09/23 13:50:02 [notice] 33#33: exiting
2023/09/23 13:50:02 [notice] 35#35: gracefully shutting down
2023/09/23 13:50:02 [notice] 35#35: exiting
2023/09/23 13:50:02 [notice] 30#30: exit
2023/09/23 13:50:02 [notice] 33#33: exit
2023/09/23 13:50:02 [notice] 35#35: exit
2023/09/23 13:50:02 [notice] 28#28: exit
2023/09/23 13:50:02 [notice] 29#29: exit
2023/09/23 13:50:02 [notice] 31#31: gracefully shutting down
2023/09/23 13:50:02 [notice] 34#34: gracefully shutting down
2023/09/23 13:50:02 [notice] 32#32: gracefully shutting down
2023/09/23 13:50:02 [notice] 31#31: exiting
2023/09/23 13:50:02 [notice] 34#34: exiting
2023/09/23 13:50:02 [notice] 32#32: exiting
2023/09/23 13:50:02 [notice] 34#34: exit
2023/09/23 13:50:02 [notice] 32#32: exit
2023/09/23 13:50:02 [notice] 31#31: exit
2023/09/23 13:50:02 [notice] 1#1: signal 17 (SIGCHLD) received from 31
2023/09/23 13:50:02 [notice] 1#1: worker process 28 exited with code 0
2023/09/23 13:50:02 [notice] 1#1: worker process 29 exited with code 0
2023/09/23 13:50:02 [notice] 1#1: worker process 31 exited with code 0
2023/09/23 13:50:02 [notice] 1#1: signal 29 (SIGIO) received
2023/09/23 13:50:02 [notice] 1#1: signal 17 (SIGCHLD) received from 33
2023/09/23 13:50:02 [notice] 1#1: worker process 33 exited with code 0
2023/09/23 13:50:02 [notice] 1#1: worker process 34 exited with code 0
2023/09/23 13:50:02 [notice] 1#1: signal 29 (SIGIO) received
2023/09/23 13:50:02 [notice] 1#1: signal 17 (SIGCHLD) received from 32
2023/09/23 13:50:02 [notice] 1#1: worker process 30 exited with code 0
2023/09/23 13:50:02 [notice] 1#1: worker process 32 exited with code 0
2023/09/23 13:50:02 [notice] 1#1: signal 17 (SIGCHLD) received from 35
2023/09/23 13:50:02 [notice] 1#1: worker process 35 exited with code 0
2023/09/23 13:50:02 [notice] 1#1: exit
2023/09/23 13:50:11 [notice] 1#1: using the "epoll" event method
2023/09/23 13:50:11 [notice] 1#1: nginx/1.25.2
2023/09/23 13:50:11 [notice] 1#1: built by gcc 12.2.0 (Debian 12.2.0-14) 
2023/09/23 13:50:11 [notice] 1#1: OS: Linux 5.10.16.3-microsoft-standard-WSL2
2023/09/23 13:50:11 [notice] 1#1: getrlimit(RLIMIT_NOFILE): 1048576:1048576
2023/09/23 13:50:11 [notice] 1#1: start worker processes
2023/09/23 13:50:11 [notice] 1#1: start worker process 28
2023/09/23 13:50:11 [notice] 1#1: start worker process 29
2023/09/23 13:50:11 [notice] 1#1: start worker process 30
2023/09/23 13:50:11 [notice] 1#1: start worker process 31
2023/09/23 13:50:11 [notice] 1#1: start worker process 32
2023/09/23 13:50:11 [notice] 1#1: start worker process 33
2023/09/23 13:50:11 [notice] 1#1: start worker process 34
2023/09/23 13:50:11 [notice] 1#1: start worker process 35
2023/09/23 13:51:08 [notice] 1#1: signal 3 (SIGQUIT) received, shutting down
2023/09/23 13:51:08 [notice] 30#30: gracefully shutting down
2023/09/23 13:51:08 [notice] 30#30: exiting
2023/09/23 13:51:08 [notice] 32#32: gracefully shutting down
2023/09/23 13:51:08 [notice] 33#33: gracefully shutting down
2023/09/23 13:51:08 [notice] 32#32: exiting
2023/09/23 13:51:08 [notice] 28#28: gracefully shutting down
2023/09/23 13:51:08 [notice] 34#34: gracefully shutting down
2023/09/23 13:51:08 [notice] 33#33: exiting
2023/09/23 13:51:08 [notice] 28#28: exiting
2023/09/23 13:51:08 [notice] 34#34: exiting
2023/09/23 13:51:08 [notice] 35#35: gracefully shutting down
2023/09/23 13:51:08 [notice] 35#35: exiting
2023/09/23 13:51:08 [notice] 30#30: exit
2023/09/23 13:51:08 [notice] 28#28: exit
2023/09/23 13:51:08 [notice] 33#33: exit
2023/09/23 13:51:08 [notice] 32#32: exit
2023/09/23 13:51:08 [notice] 34#34: exit
2023/09/23 13:51:08 [notice] 35#35: exit
2023/09/23 13:51:08 [notice] 29#29: gracefully shutting down
2023/09/23 13:51:08 [notice] 29#29: exiting
2023/09/23 13:51:08 [notice] 29#29: exit
2023/09/23 13:51:08 [notice] 31#31: gracefully shutting down
2023/09/23 13:51:08 [notice] 31#31: exiting
2023/09/23 13:51:08 [notice] 31#31: exit
2023/09/23 13:51:08 [notice] 1#1: signal 17 (SIGCHLD) received from 30
2023/09/23 13:51:08 [notice] 1#1: worker process 30 exited with code 0
2023/09/23 13:51:08 [notice] 1#1: worker process 32 exited with code 0
2023/09/23 13:51:08 [notice] 1#1: signal 29 (SIGIO) received
2023/09/23 13:51:08 [notice] 1#1: signal 17 (SIGCHLD) received from 32
2023/09/23 13:51:08 [notice] 1#1: signal 17 (SIGCHLD) received from 28
2023/09/23 13:51:08 [notice] 1#1: worker process 28 exited with code 0
2023/09/23 13:51:08 [notice] 1#1: worker process 35 exited with code 0
2023/09/23 13:51:08 [notice] 1#1: signal 29 (SIGIO) received
2023/09/23 13:51:08 [notice] 1#1: signal 17 (SIGCHLD) received from 29
2023/09/23 13:51:08 [notice] 1#1: worker process 29 exited with code 0
2023/09/23 13:51:08 [notice] 1#1: signal 29 (SIGIO) received
2023/09/23 13:51:08 [notice] 1#1: signal 17 (SIGCHLD) received from 31
2023/09/23 13:51:08 [notice] 1#1: worker process 31 exited with code 0
2023/09/23 13:51:08 [notice] 1#1: worker process 33 exited with code 0
2023/09/23 13:51:08 [notice] 1#1: worker process 34 exited with code 0
2023/09/23 13:51:08 [notice] 1#1: exit
2023/09/23 13:51:17 [notice] 1#1: using the "epoll" event method
2023/09/23 13:51:17 [notice] 1#1: nginx/1.25.2
2023/09/23 13:51:17 [notice] 1#1: built by gcc 12.2.0 (Debian 12.2.0-14) 
2023/09/23 13:51:17 [notice] 1#1: OS: Linux 5.10.16.3-microsoft-standard-WSL2
2023/09/23 13:51:17 [notice] 1#1: getrlimit(RLIMIT_NOFILE): 1048576:1048576
2023/09/23 13:51:17 [notice] 1#1: start worker processes
2023/09/23 13:51:17 [notice] 1#1: start worker process 28
2023/09/23 13:51:17 [notice] 1#1: start worker process 29
2023/09/23 13:51:17 [notice] 1#1: start worker process 30
2023/09/23 13:51:17 [notice] 1#1: start worker process 31
2023/09/23 13:51:17 [notice] 1#1: start worker process 32
2023/09/23 13:51:17 [notice] 1#1: start worker process 33
2023/09/23 13:51:17 [notice] 1#1: start worker process 34
2023/09/23 13:51:17 [notice] 1#1: start worker process 35
2023/09/25 06:57:33 [notice] 1#1: signal 3 (SIGQUIT) received, shutting down
2023/09/25 06:57:33 [notice] 28#28: gracefully shutting down
2023/09/25 06:57:33 [notice] 29#29: gracefully shutting down
2023/09/25 06:57:33 [notice] 30#30: gracefully shutting down
2023/09/25 06:57:33 [notice] 35#35: gracefully shutting down
2023/09/25 06:57:33 [notice] 31#31: gracefully shutting down
2023/09/25 06:57:33 [notice] 28#28: exiting
2023/09/25 06:57:33 [notice] 29#29: exiting
2023/09/25 06:57:33 [notice] 35#35: exiting
2023/09/25 06:57:33 [notice] 30#30: exiting
2023/09/25 06:57:33 [notice] 31#31: exiting
2023/09/25 06:57:33 [notice] 32#32: gracefully shutting down
2023/09/25 06:57:33 [notice] 32#32: exiting
2023/09/25 06:57:33 [notice] 28#28: exit
2023/09/25 06:57:33 [notice] 35#35: exit
2023/09/25 06:57:33 [notice] 32#32: exit
2023/09/25 06:57:33 [notice] 31#31: exit
2023/09/25 06:57:33 [notice] 30#30: exit
2023/09/25 06:57:33 [notice] 29#29: exit
2023/09/25 06:57:33 [notice] 34#34: gracefully shutting down
2023/09/25 06:57:33 [notice] 33#33: gracefully shutting down
2023/09/25 06:57:33 [notice] 34#34: exiting
2023/09/25 06:57:33 [notice] 33#33: exiting
2023/09/25 06:57:33 [notice] 33#33: exit
2023/09/25 06:57:33 [notice] 34#34: exit
2023/09/25 06:57:33 [notice] 1#1: signal 17 (SIGCHLD) received from 35
2023/09/25 06:57:33 [notice] 1#1: worker process 35 exited with code 0
2023/09/25 06:57:33 [notice] 1#1: signal 29 (SIGIO) received
2023/09/25 06:57:33 [notice] 1#1: signal 17 (SIGCHLD) received from 32
2023/09/25 06:57:33 [notice] 1#1: worker process 32 exited with code 0
2023/09/25 06:57:33 [notice] 1#1: worker process 31 exited with code 0
2023/09/25 06:57:33 [notice] 1#1: signal 29 (SIGIO) received
2023/09/25 06:57:33 [notice] 1#1: signal 17 (SIGCHLD) received from 31
2023/09/25 06:57:33 [notice] 1#1: signal 17 (SIGCHLD) received from 34
2023/09/25 06:57:33 [notice] 1#1: worker process 28 exited with code 0
2023/09/25 06:57:33 [notice] 1#1: worker process 30 exited with code 0
2023/09/25 06:57:33 [notice] 1#1: worker process 34 exited with code 0
2023/09/25 06:57:33 [notice] 1#1: signal 29 (SIGIO) received
2023/09/25 06:57:33 [notice] 1#1: signal 17 (SIGCHLD) received from 30
2023/09/25 06:57:33 [notice] 1#1: signal 17 (SIGCHLD) received from 33
2023/09/25 06:57:33 [notice] 1#1: worker process 33 exited with code 0
2023/09/25 06:57:33 [notice] 1#1: signal 29 (SIGIO) received
2023/09/25 06:57:33 [notice] 1#1: signal 17 (SIGCHLD) received from 29
2023/09/25 06:57:33 [notice] 1#1: worker process 29 exited with code 0
2023/09/25 06:57:33 [notice] 1#1: exit
